<?xml version="1.0" encoding="UTF-8"?>
<!-- Generated by org.testng.reporters.JUnitReportReporter -->
<testsuite hostname="LIN-5CG0215YM1" failures="0" tests="2" name="com.demo.Apollo247.TestRunner" time="106.573" errors="0" timestamp="2023-11-29T16:41:56 IST" skipped="0">
  <testcase classname="com.demo.Apollo247.TestRunner" name="runScenario" time="52.632"/>
  <testcase classname="com.demo.Apollo247.TestRunner" name="runScenario" time="53.941"/>
</testsuite> <!-- com.demo.Apollo247.TestRunner -->
